This is pdfTeX, Version 3.1415926-2.5-1.40.14 (MiKTeX 2.9) (preloaded format=pdftex 2014.10.2)  26 NOV 2014 23:47
entering extended mode
**C:/Users/Leo*Angelo/Documents/Matters/[SP1!!!!!!!!!]/10-28-2014/cs190-ieee.bi
b

("C:/Users/Leo Angelo/Documents/Matters/[SP1!!!!!!!!!]/10-28-2014/cs190-ieee.bi
b"
! Missing $ inserted.
<inserted text> 
                $
<to be read again> 
                   _
l.1 @electronic{electronic_
                           oar,
? 
! Emergency stop.
<inserted text> 
                $
<to be read again> 
                   _
l.1 @electronic{electronic_
                           oar,
End of file on the terminal!

!  ==> Fatal error occurred, no output PDF file produced!
